<?xml version="1.0" encoding="UTF-8"?>
<!-- Generated by org.testng.reporters.JUnitReportReporter -->
<testsuite hostname="DESKTOP-1T5BJDV" failures="0" tests="13" name="facebook.loginPage" time="10.617" errors="0" timestamp="2024-03-15T11:28:59 IST" skipped="0">
  <testcase classname="facebook.loginPage" name="TC_003_PlaceholderIsPresented" time="0.039"/>
  <testcase classname="facebook.loginPage" name="TC_006_PasswaordInputBoxIsEnable" time="0.030"/>
  <testcase classname="facebook.loginPage" name="TC_011_PasswordDisplayedByClickEyeIcon" time="0.179"/>
  <testcase classname="facebook.loginPage" name="TC_009_EyeIconIsDisplayed" time="0.034"/>
  <testcase classname="facebook.loginPage" name="TC_007_PlaceholderIsPresentedInPassword" time="0.020"/>
  <testcase classname="facebook.loginPage" name="TC_012_PasswordNotDisplayedByClickEyeIcon" time="0.060"/>
  <testcase classname="facebook.loginPage" name="TC_005_EmailInputIsPhoneNumberEnterable" time="0.167"/>
  <testcase classname="facebook.loginPage" name="TC_013_ForgetPasswordIsRedirectable" time="7.530"/>
  <testcase classname="facebook.loginPage" name="TC_004_EmailInputIsEmailEnterable" time="0.098"/>
  <testcase classname="facebook.loginPage" name="TC_002_EmailInputBoxIsEnable" time="0.029"/>
  <testcase classname="facebook.loginPage" name="TC_001_LoginPageLoaded" time="1.203"/>
  <testcase classname="facebook.loginPage" name="TC_008_PasswordInputIsEnterable" time="0.119"/>
  <testcase classname="facebook.loginPage" name="TC_010_EyeIconIsNotDisplayed" time="1.109"/>
</testsuite> <!-- facebook.loginPage -->
